
Processing doAll.C+O("/hadoop/cms/store/group/snt/run2_moriond17/DYJetsToLL_M-50_TuneCUETP8M1_13TeV-madgraphMLM-pythia8_RunIISummer16MiniAODv2-PUMoriond17_80X_mcRun2_asymptotic_2016_TrancheIV_v6_ext1-v2/V08-00-16/merged_ntuple_9.root","DYJetsToLL_M_50_TuneCUETP8M1_13TeV_madgraphMLM_pythia8_RunIISummer16MiniAODv2_PUMoriond17_80X_mcRun2_asymptotic_2016_TrancheIV_v6_ext1_v2_V08_00_16_merged_ntuple_9.root")...
TasUtil:: Start EventLooping
TasUtil::  _
TasUtil:: /\\
TasUtil:: \ \\  \__/ \__/
TasUtil::  \ \\ (oo) (oo)  Here we come!
TasUtil::   \_\\/~~\_/~~\_
TasUtil::  _.-~===========~-._
TasUtil:: (___________________)
TasUtil::       \_______/
TasUtil:: 
TasUtil:: System info:
uaf-8.t2.ucsd.edu
Linux uaf-8.t2.ucsd.edu 2.6.32-642.13.1.el6.x86_64 #1 SMP Wed Jan 11 20:56:24 UTC 2017 x86_64 x86_64 x86_64 GNU/Linux
Sat Jul  1 17:34:35 PDT 2017
phchang
/home/users/phchang/public_html/analysis/examplelooper
TasUtil:: 
TasUtil:: ________________________________________
TasUtil:: Working on /hadoop/cms/store/group/snt/run2_moriond17/DYJetsToLL_M-50_TuneCUETP8M1_13TeV-madgraphMLM-pythia8_RunIISummer16MiniAODv2-PUMoriond17_80X_mcRun2_asymptotic_2016_TrancheIV_v6_ext1-v2/V08-00-16/merged_ntuple_9.root/TTree:Events
TasUtil:: --O-------------------------------------
TasUtil::   O    \_\_    _/_/
TasUtil::    O       \__/
TasUtil::     o      (oo)\_______
TasUtil::      o     (__)\       )\/\
TasUtil::                ||----w |
TasUtil::                ||     ||
TasUtil:: 
TasUtil:: Finished EventLooping
TasUtil:: 
TasUtil::    \__/    \__/
TasUtil::    (oo)    (oo)
TasUtil:: (\//~~\\  //~~\\
TasUtil::  \/\__//  \\__//\
TasUtil::    ||||    ||\\ Who cares!
TasUtil:: __ |||| __ |||| ___
TasUtil::   (_)(_)  (_)(_)
TasUtil:: 
